<?xml version="1.0" encoding="UTF-8"?>
<!-- Generated by org.testng.reporters.JUnitReportReporter -->
<testsuite skipped="0" hostname="DESKTOP-4FABREF" name="ibaasalman.tests.tests" tests="1" failures="0" timestamp="2024-03-16T14:37:08 IST" time="74.387" errors="0">
  <testcase name="Login" time="74.387" classname="ibaasalman.tests.tests"/>
  <system-out/>
</testsuite> <!-- ibaasalman.tests.tests -->
